<?xml version="1.0" encoding="UTF-8"?>
<!-- Generated by org.testng.reporters.JUnitReportReporter -->
<testsuite hostname="DESKTOP-5VI0HAR" failures="0" tests="8" name="testCases.TC003_LoginDDT" time="57.113" errors="0" timestamp="2024-08-28T21:26:59 CDT" skipped="0">
  <testcase classname="testCases.TC003_LoginDDT" name="verify_loginDDT" time="2.657"/>
  <testcase classname="testCases.TC003_LoginDDT" name="verify_loginDDT" time="11.468"/>
  <testcase classname="testCases.TC003_LoginDDT" name="verify_loginDDT" time="2.533"/>
  <testcase classname="testCases.TC003_LoginDDT" name="verify_loginDDT" time="11.549"/>
  <testcase classname="testCases.TC003_LoginDDT" name="verify_loginDDT" time="2.756"/>
  <testcase classname="testCases.TC003_LoginDDT" name="verify_loginDDT" time="2.351"/>
  <testcase classname="testCases.TC003_LoginDDT" name="verify_loginDDT" time="11.507"/>
  <testcase classname="testCases.TC003_LoginDDT" name="verify_loginDDT" time="12.292"/>
</testsuite> <!-- testCases.TC003_LoginDDT -->
