<?xml version="1.0" encoding="UTF-8"?>
<!-- Generated by org.testng.reporters.JUnitReportReporter -->
<testsuite hostname="DESKTOP-5VI0HAR" failures="0" tests="1" name="testCases.TC002_LoginTest" time="2.514" errors="0" timestamp="2024-08-28T22:00:38 CDT" skipped="0">
  <testcase classname="testCases.TC002_LoginTest" name="verifyLogin" time="2.514"/>
</testsuite> <!-- testCases.TC002_LoginTest -->
