<?xml version="1.0" encoding="UTF-8"?>
<!-- Generated by org.testng.reporters.JUnitReportReporter -->
<testsuite hostname="DESKTOP-5VI0HAR" failures="0" tests="1" name="testCases.TC001_AccountRegistrationTest" time="3.668" errors="0" timestamp="2024-08-31T23:28:30 CDT" skipped="0">
  <testcase classname="testCases.TC001_AccountRegistrationTest" name="verify_account_registration" time="3.668"/>
</testsuite> <!-- testCases.TC001_AccountRegistrationTest -->
