<?xml version="1.0" encoding="UTF-8"?>
<!-- Generated by org.testng.reporters.JUnitReportReporter -->
<testsuite hostname="DESKTOP-5VI0HAR" failures="0" tests="8" name="testCases.TC003_LoginDDT" time="56.223" errors="0" timestamp="2024-08-31T23:20:32 CDT" skipped="0">
  <testcase classname="testCases.TC003_LoginDDT" name="verify_loginDDT" time="2.788"/>
  <testcase classname="testCases.TC003_LoginDDT" name="verify_loginDDT" time="2.472"/>
  <testcase classname="testCases.TC003_LoginDDT" name="verify_loginDDT" time="11.540"/>
  <testcase classname="testCases.TC003_LoginDDT" name="verify_loginDDT" time="11.466"/>
  <testcase classname="testCases.TC003_LoginDDT" name="verify_loginDDT" time="2.363"/>
  <testcase classname="testCases.TC003_LoginDDT" name="verify_loginDDT" time="2.573"/>
  <testcase classname="testCases.TC003_LoginDDT" name="verify_loginDDT" time="11.562"/>
  <testcase classname="testCases.TC003_LoginDDT" name="verify_loginDDT" time="11.459"/>
</testsuite> <!-- testCases.TC003_LoginDDT -->
