<?xml version="1.0" encoding="UTF-8"?>
<!-- Generated by org.testng.reporters.JUnitReportReporter -->
<testsuite hostname="DESKTOP-5VI0HAR" failures="0" tests="1" name="testCases.TC002_LoginTest" time="5.023" errors="0" timestamp="2024-08-28T23:07:46 CDT" skipped="0">
  <testcase classname="testCases.TC002_LoginTest" name="verifyLogin" time="5.023"/>
</testsuite> <!-- testCases.TC002_LoginTest -->
