<?xml version="1.0" encoding="UTF-8"?>
<!-- Generated by org.testng.reporters.JUnitReportReporter -->
<testsuite hostname="DESKTOP-5VI0HAR" failures="0" tests="1" name="testCases.TC002_LoginTest" time="2.610" errors="0" timestamp="2024-08-31T22:58:22 CDT" skipped="0">
  <testcase classname="testCases.TC002_LoginTest" name="verifyLogin" time="2.610"/>
</testsuite> <!-- testCases.TC002_LoginTest -->
